CRITICAL - 2022-11-27 21:09:13 --> filter_var(): Passing null to parameter #3 ($options) of type array|int is deprecated
#0 [internal function]: CodeIgniter\Debug\Exceptions->errorHandler(8192, 'filter_var(): P...', 'C:\\Users\\mriev\\...', 439)
#1 C:\Users\mriev\wp2\ci4-perpustakaan-main\vendor\codeigniter4\framework\system\HTTP\Request.php(439): filter_var(2, 519, NULL)
#2 C:\Users\mriev\wp2\ci4-perpustakaan-main\vendor\codeigniter4\framework\system\HTTP\Request.php(297): CodeIgniter\HTTP\Request->fetchGlobal('server', 'argc', 519, NULL)
#3 C:\Users\mriev\wp2\ci4-perpustakaan-main\vendor\codeigniter4\framework\system\HTTP\CLIRequest.php(218): CodeIgniter\HTTP\Request->getServer('argc', 519)
#4 C:\Users\mriev\wp2\ci4-perpustakaan-main\vendor\codeigniter4\framework\system\HTTP\CLIRequest.php(96): CodeIgniter\HTTP\CLIRequest->parseCommand()
#5 C:\Users\mriev\wp2\ci4-perpustakaan-main\vendor\codeigniter4\framework\system\Config\Services.php(149): CodeIgniter\HTTP\CLIRequest->__construct(Object(Config\App))
#6 C:\Users\mriev\wp2\ci4-perpustakaan-main\vendor\codeigniter4\framework\system\Config\BaseService.php(123): CodeIgniter\Config\Services::clirequest(Object(Config\App), false)
#7 C:\Users\mriev\wp2\ci4-perpustakaan-main\vendor\codeigniter4\framework\system\Config\Services.php(141): CodeIgniter\Config\BaseService::getSharedInstance('clirequest', Object(Config\App))
#8 C:\Users\mriev\wp2\ci4-perpustakaan-main\vendor\codeigniter4\framework\system\CodeIgniter.php(564): CodeIgniter\Config\Services::clirequest(Object(Config\App))
#9 C:\Users\mriev\wp2\ci4-perpustakaan-main\vendor\codeigniter4\framework\system\CodeIgniter.php(286): CodeIgniter\CodeIgniter->getRequestObject()
#10 C:\Users\mriev\wp2\ci4-perpustakaan-main\vendor\codeigniter4\framework\system\CLI\Console.php(86): CodeIgniter\CodeIgniter->run()
#11 C:\Users\mriev\wp2\ci4-perpustakaan-main\spark(57): CodeIgniter\CLI\Console->run()
#12 {main}
CRITICAL - 2022-11-27 21:09:40 --> filter_var(): Passing null to parameter #3 ($options) of type array|int is deprecated
#0 [internal function]: CodeIgniter\Debug\Exceptions->errorHandler(8192, 'filter_var(): P...', 'C:\\Users\\mriev\\...', 439)
#1 C:\Users\mriev\wp2\ci4-perpustakaan-main\vendor\codeigniter4\framework\system\HTTP\Request.php(439): filter_var(2, 519, NULL)
#2 C:\Users\mriev\wp2\ci4-perpustakaan-main\vendor\codeigniter4\framework\system\HTTP\Request.php(297): CodeIgniter\HTTP\Request->fetchGlobal('server', 'argc', 519, NULL)
#3 C:\Users\mriev\wp2\ci4-perpustakaan-main\vendor\codeigniter4\framework\system\HTTP\CLIRequest.php(218): CodeIgniter\HTTP\Request->getServer('argc', 519)
#4 C:\Users\mriev\wp2\ci4-perpustakaan-main\vendor\codeigniter4\framework\system\HTTP\CLIRequest.php(96): CodeIgniter\HTTP\CLIRequest->parseCommand()
#5 C:\Users\mriev\wp2\ci4-perpustakaan-main\vendor\codeigniter4\framework\system\Config\Services.php(149): CodeIgniter\HTTP\CLIRequest->__construct(Object(Config\App))
#6 C:\Users\mriev\wp2\ci4-perpustakaan-main\vendor\codeigniter4\framework\system\Config\BaseService.php(123): CodeIgniter\Config\Services::clirequest(Object(Config\App), false)
#7 C:\Users\mriev\wp2\ci4-perpustakaan-main\vendor\codeigniter4\framework\system\Config\Services.php(141): CodeIgniter\Config\BaseService::getSharedInstance('clirequest', Object(Config\App))
#8 C:\Users\mriev\wp2\ci4-perpustakaan-main\vendor\codeigniter4\framework\system\CodeIgniter.php(564): CodeIgniter\Config\Services::clirequest(Object(Config\App))
#9 C:\Users\mriev\wp2\ci4-perpustakaan-main\vendor\codeigniter4\framework\system\CodeIgniter.php(286): CodeIgniter\CodeIgniter->getRequestObject()
#10 C:\Users\mriev\wp2\ci4-perpustakaan-main\vendor\codeigniter4\framework\system\CLI\Console.php(86): CodeIgniter\CodeIgniter->run()
#11 C:\Users\mriev\wp2\ci4-perpustakaan-main\spark(57): CodeIgniter\CLI\Console->run()
#12 {main}
CRITICAL - 2022-11-27 21:53:49 --> filter_var(): Passing null to parameter #3 ($options) of type array|int is deprecated
#0 [internal function]: CodeIgniter\Debug\Exceptions->errorHandler(8192, 'filter_var(): P...', 'C:\\Users\\mriev\\...', 439)
#1 C:\Users\mriev\wp2\ci4-perpustakaan-main\vendor\codeigniter4\framework\system\HTTP\Request.php(439): filter_var(2, 519, NULL)
#2 C:\Users\mriev\wp2\ci4-perpustakaan-main\vendor\codeigniter4\framework\system\HTTP\Request.php(297): CodeIgniter\HTTP\Request->fetchGlobal('server', 'argc', 519, NULL)
#3 C:\Users\mriev\wp2\ci4-perpustakaan-main\vendor\codeigniter4\framework\system\HTTP\CLIRequest.php(218): CodeIgniter\HTTP\Request->getServer('argc', 519)
#4 C:\Users\mriev\wp2\ci4-perpustakaan-main\vendor\codeigniter4\framework\system\HTTP\CLIRequest.php(96): CodeIgniter\HTTP\CLIRequest->parseCommand()
#5 C:\Users\mriev\wp2\ci4-perpustakaan-main\vendor\codeigniter4\framework\system\Config\Services.php(149): CodeIgniter\HTTP\CLIRequest->__construct(Object(Config\App))
#6 C:\Users\mriev\wp2\ci4-perpustakaan-main\vendor\codeigniter4\framework\system\Config\BaseService.php(123): CodeIgniter\Config\Services::clirequest(Object(Config\App), false)
#7 C:\Users\mriev\wp2\ci4-perpustakaan-main\vendor\codeigniter4\framework\system\Config\Services.php(141): CodeIgniter\Config\BaseService::getSharedInstance('clirequest', Object(Config\App))
#8 C:\Users\mriev\wp2\ci4-perpustakaan-main\vendor\codeigniter4\framework\system\CodeIgniter.php(564): CodeIgniter\Config\Services::clirequest(Object(Config\App))
#9 C:\Users\mriev\wp2\ci4-perpustakaan-main\vendor\codeigniter4\framework\system\CodeIgniter.php(286): CodeIgniter\CodeIgniter->getRequestObject()
#10 C:\Users\mriev\wp2\ci4-perpustakaan-main\vendor\codeigniter4\framework\system\CLI\Console.php(86): CodeIgniter\CodeIgniter->run()
#11 C:\Users\mriev\wp2\ci4-perpustakaan-main\spark(57): CodeIgniter\CLI\Console->run()
#12 {main}
CRITICAL - 2022-11-27 21:55:24 --> filter_var(): Passing null to parameter #3 ($options) of type array|int is deprecated
#0 [internal function]: CodeIgniter\Debug\Exceptions->errorHandler(8192, 'filter_var(): P...', 'C:\\Users\\mriev\\...', 439)
#1 C:\Users\mriev\wp2\ci4-perpustakaan-main\vendor\codeigniter4\framework\system\HTTP\Request.php(439): filter_var(2, 519, NULL)
#2 C:\Users\mriev\wp2\ci4-perpustakaan-main\vendor\codeigniter4\framework\system\HTTP\Request.php(297): CodeIgniter\HTTP\Request->fetchGlobal('server', 'argc', 519, NULL)
#3 C:\Users\mriev\wp2\ci4-perpustakaan-main\vendor\codeigniter4\framework\system\HTTP\CLIRequest.php(218): CodeIgniter\HTTP\Request->getServer('argc', 519)
#4 C:\Users\mriev\wp2\ci4-perpustakaan-main\vendor\codeigniter4\framework\system\HTTP\CLIRequest.php(96): CodeIgniter\HTTP\CLIRequest->parseCommand()
#5 C:\Users\mriev\wp2\ci4-perpustakaan-main\vendor\codeigniter4\framework\system\Config\Services.php(149): CodeIgniter\HTTP\CLIRequest->__construct(Object(Config\App))
#6 C:\Users\mriev\wp2\ci4-perpustakaan-main\vendor\codeigniter4\framework\system\Config\BaseService.php(123): CodeIgniter\Config\Services::clirequest(Object(Config\App), false)
#7 C:\Users\mriev\wp2\ci4-perpustakaan-main\vendor\codeigniter4\framework\system\Config\Services.php(141): CodeIgniter\Config\BaseService::getSharedInstance('clirequest', Object(Config\App))
#8 C:\Users\mriev\wp2\ci4-perpustakaan-main\vendor\codeigniter4\framework\system\CodeIgniter.php(564): CodeIgniter\Config\Services::clirequest(Object(Config\App))
#9 C:\Users\mriev\wp2\ci4-perpustakaan-main\vendor\codeigniter4\framework\system\CodeIgniter.php(286): CodeIgniter\CodeIgniter->getRequestObject()
#10 C:\Users\mriev\wp2\ci4-perpustakaan-main\vendor\codeigniter4\framework\system\CLI\Console.php(86): CodeIgniter\CodeIgniter->run()
#11 C:\Users\mriev\wp2\ci4-perpustakaan-main\spark(57): CodeIgniter\CLI\Console->run()
#12 {main}
CRITICAL - 2022-11-27 21:57:25 --> filter_var(): Passing null to parameter #3 ($options) of type array|int is deprecated
#0 [internal function]: CodeIgniter\Debug\Exceptions->errorHandler(8192, 'filter_var(): P...', 'C:\\Users\\mriev\\...', 439)
#1 C:\Users\mriev\wp2\ci4-perpustakaan-main\vendor\codeigniter4\framework\system\HTTP\Request.php(439): filter_var(2, 519, NULL)
#2 C:\Users\mriev\wp2\ci4-perpustakaan-main\vendor\codeigniter4\framework\system\HTTP\Request.php(297): CodeIgniter\HTTP\Request->fetchGlobal('server', 'argc', 519, NULL)
#3 C:\Users\mriev\wp2\ci4-perpustakaan-main\vendor\codeigniter4\framework\system\HTTP\CLIRequest.php(218): CodeIgniter\HTTP\Request->getServer('argc', 519)
#4 C:\Users\mriev\wp2\ci4-perpustakaan-main\vendor\codeigniter4\framework\system\HTTP\CLIRequest.php(96): CodeIgniter\HTTP\CLIRequest->parseCommand()
#5 C:\Users\mriev\wp2\ci4-perpustakaan-main\vendor\codeigniter4\framework\system\Config\Services.php(149): CodeIgniter\HTTP\CLIRequest->__construct(Object(Config\App))
#6 C:\Users\mriev\wp2\ci4-perpustakaan-main\vendor\codeigniter4\framework\system\Config\BaseService.php(123): CodeIgniter\Config\Services::clirequest(Object(Config\App), false)
#7 C:\Users\mriev\wp2\ci4-perpustakaan-main\vendor\codeigniter4\framework\system\Config\Services.php(141): CodeIgniter\Config\BaseService::getSharedInstance('clirequest', Object(Config\App))
#8 C:\Users\mriev\wp2\ci4-perpustakaan-main\vendor\codeigniter4\framework\system\CodeIgniter.php(564): CodeIgniter\Config\Services::clirequest(Object(Config\App))
#9 C:\Users\mriev\wp2\ci4-perpustakaan-main\vendor\codeigniter4\framework\system\CodeIgniter.php(286): CodeIgniter\CodeIgniter->getRequestObject()
#10 C:\Users\mriev\wp2\ci4-perpustakaan-main\vendor\codeigniter4\framework\system\CLI\Console.php(86): CodeIgniter\CodeIgniter->run()
#11 C:\Users\mriev\wp2\ci4-perpustakaan-main\spark(57): CodeIgniter\CLI\Console->run()
#12 {main}
CRITICAL - 2022-11-27 21:58:00 --> filter_var(): Passing null to parameter #3 ($options) of type array|int is deprecated
#0 [internal function]: CodeIgniter\Debug\Exceptions->errorHandler(8192, 'filter_var(): P...', 'C:\\Users\\mriev\\...', 439)
#1 C:\Users\mriev\wp2\ci4-perpustakaan-main\vendor\codeigniter4\framework\system\HTTP\Request.php(439): filter_var(2, 519, NULL)
#2 C:\Users\mriev\wp2\ci4-perpustakaan-main\vendor\codeigniter4\framework\system\HTTP\Request.php(297): CodeIgniter\HTTP\Request->fetchGlobal('server', 'argc', 519, NULL)
#3 C:\Users\mriev\wp2\ci4-perpustakaan-main\vendor\codeigniter4\framework\system\HTTP\CLIRequest.php(218): CodeIgniter\HTTP\Request->getServer('argc', 519)
#4 C:\Users\mriev\wp2\ci4-perpustakaan-main\vendor\codeigniter4\framework\system\HTTP\CLIRequest.php(96): CodeIgniter\HTTP\CLIRequest->parseCommand()
#5 C:\Users\mriev\wp2\ci4-perpustakaan-main\vendor\codeigniter4\framework\system\Config\Services.php(149): CodeIgniter\HTTP\CLIRequest->__construct(Object(Config\App))
#6 C:\Users\mriev\wp2\ci4-perpustakaan-main\vendor\codeigniter4\framework\system\Config\BaseService.php(123): CodeIgniter\Config\Services::clirequest(Object(Config\App), false)
#7 C:\Users\mriev\wp2\ci4-perpustakaan-main\vendor\codeigniter4\framework\system\Config\Services.php(141): CodeIgniter\Config\BaseService::getSharedInstance('clirequest', Object(Config\App))
#8 C:\Users\mriev\wp2\ci4-perpustakaan-main\vendor\codeigniter4\framework\system\CodeIgniter.php(564): CodeIgniter\Config\Services::clirequest(Object(Config\App))
#9 C:\Users\mriev\wp2\ci4-perpustakaan-main\vendor\codeigniter4\framework\system\CodeIgniter.php(286): CodeIgniter\CodeIgniter->getRequestObject()
#10 C:\Users\mriev\wp2\ci4-perpustakaan-main\vendor\codeigniter4\framework\system\CLI\Console.php(86): CodeIgniter\CodeIgniter->run()
#11 C:\Users\mriev\wp2\ci4-perpustakaan-main\spark(57): CodeIgniter\CLI\Console->run()
#12 {main}
